  stdafx.cpp
  winMain.cpp
  utils.cpp
  txtData.cpp
c:\yongje\sga\sourcetree repository\sga_team2\이용제 - 길찾기 디버그용\txtdata.cpp(52): warning C4018: '<': signed 또는 unsigned가 일치하지 않습니다.
c:\yongje\sga\sourcetree repository\sga_team2\이용제 - 길찾기 디버그용\txtdata.cpp(57): warning C4018: '<': signed 또는 unsigned가 일치하지 않습니다.
c:\yongje\sga\sourcetree repository\sga_team2\이용제 - 길찾기 디버그용\txtdata.cpp(57): warning C4996: 'strcat': This function or variable may be unsafe. Consider using strcat_s instead. To disable deprecation, use _CRT_SECURE_NO_WARNINGS. See online help for details.
  c:\program files (x86)\windows kits\10\include\10.0.10240.0\ucrt\string.h(90): note: 'strcat' 선언을 참조하십시오.
c:\yongje\sga\sourcetree repository\sga_team2\이용제 - 길찾기 디버그용\txtdata.cpp(89): warning C4996: 'strtok': This function or variable may be unsafe. Consider using strtok_s instead. To disable deprecation, use _CRT_SECURE_NO_WARNINGS. See online help for details.
  c:\program files (x86)\windows kits\10\include\10.0.10240.0\ucrt\string.h(453): note: 'strtok' 선언을 참조하십시오.
c:\yongje\sga\sourcetree repository\sga_team2\이용제 - 길찾기 디버그용\txtdata.cpp(92): warning C4996: 'strtok': This function or variable may be unsafe. Consider using strtok_s instead. To disable deprecation, use _CRT_SECURE_NO_WARNINGS. See online help for details.
  c:\program files (x86)\windows kits\10\include\10.0.10240.0\ucrt\string.h(453): note: 'strtok' 선언을 참조하십시오.
c:\yongje\sga\sourcetree repository\sga_team2\이용제 - 길찾기 디버그용\txtdata.cpp(85): warning C4101: 'temp' :참조되지 않은 지역 변수입니다.
  timer.cpp
  timeManager.cpp
  myTile.cpp
  soundManager.cpp
  sceneManager.cpp
  progressBar.cpp
c:\yongje\sga\sourcetree repository\sga_team2\이용제 - 길찾기 디버그용\progressbar.cpp(22): warning C4244: '인수': 'int'에서 'float'(으)로 변환하면서 데이터가 손실될 수 있습니다.
c:\yongje\sga\sourcetree repository\sga_team2\이용제 - 길찾기 디버그용\progressbar.cpp(23): warning C4244: '인수': 'int'에서 'float'(으)로 변환하면서 데이터가 손실될 수 있습니다.
c:\yongje\sga\sourcetree repository\sga_team2\이용제 - 길찾기 디버그용\progressbar.cpp(25): warning C4244: '=': 'int'에서 'float'(으)로 변환하면서 데이터가 손실될 수 있습니다.
c:\yongje\sga\sourcetree repository\sga_team2\이용제 - 길찾기 디버그용\progressbar.cpp(53): warning C4244: '인수': 'float'에서 'int'(으)로 변환하면서 데이터가 손실될 수 있습니다.
  playGround.cpp
  myTileTestScene.cpp
c:\yongje\sga\sourcetree repository\sga_team2\이용제 - 길찾기 디버그용\mytiletestscene.cpp(120): warning C4244: '인수': 'LONG'에서 'float'(으)로 변환하면서 데이터가 손실될 수 있습니다.
c:\yongje\sga\sourcetree repository\sga_team2\이용제 - 길찾기 디버그용\mytiletestscene.cpp(161): warning C4018: '<': signed 또는 unsigned가 일치하지 않습니다.
c:\yongje\sga\sourcetree repository\sga_team2\이용제 - 길찾기 디버그용\mytiletestscene.cpp(167): warning C4018: '<': signed 또는 unsigned가 일치하지 않습니다.
  myTileMap.cpp
c:\yongje\sga\sourcetree repository\sga_team2\이용제 - 길찾기 디버그용\mytilemap.cpp(33): warning C4018: '<': signed 또는 unsigned가 일치하지 않습니다.
c:\yongje\sga\sourcetree repository\sga_team2\이용제 - 길찾기 디버그용\mytilemap.cpp(42): warning C4018: '<': signed 또는 unsigned가 일치하지 않습니다.
c:\yongje\sga\sourcetree repository\sga_team2\이용제 - 길찾기 디버그용\mytilemap.cpp(52): warning C4018: '<': signed 또는 unsigned가 일치하지 않습니다.
  myTileMap + dijkstra.cpp
c:\yongje\sga\sourcetree repository\sga_team2\이용제 - 길찾기 디버그용\mytilemap + dijkstra.cpp(131): warning C4244: '인수': 'LONG'에서 'float'(으)로 변환하면서 데이터가 손실될 수 있습니다.
c:\yongje\sga\sourcetree repository\sga_team2\이용제 - 길찾기 디버그용\mytilemap + dijkstra.cpp(131): warning C4244: '=': 'float'에서 'int'(으)로 변환하면서 데이터가 손실될 수 있습니다.
c:\yongje\sga\sourcetree repository\sga_team2\이용제 - 길찾기 디버그용\mytilemap + dijkstra.cpp(139): warning C4018: '<': signed 또는 unsigned가 일치하지 않습니다.
c:\yongje\sga\sourcetree repository\sga_team2\이용제 - 길찾기 디버그용\mytilemap + dijkstra.cpp(165): warning C4018: '<': signed 또는 unsigned가 일치하지 않습니다.
c:\yongje\sga\sourcetree repository\sga_team2\이용제 - 길찾기 디버그용\mytilemap + dijkstra.cpp(195): warning C4018: '<': signed 또는 unsigned가 일치하지 않습니다.
c:\yongje\sga\sourcetree repository\sga_team2\이용제 - 길찾기 디버그용\mytilemap + dijkstra.cpp(322): warning C4244: '인수': 'LONG'에서 'float'(으)로 변환하면서 데이터가 손실될 수 있습니다.
c:\yongje\sga\sourcetree repository\sga_team2\이용제 - 길찾기 디버그용\mytilemap + dijkstra.cpp(322): warning C4244: '=': 'float'에서 'int'(으)로 변환하면서 데이터가 손실될 수 있습니다.
c:\yongje\sga\sourcetree repository\sga_team2\이용제 - 길찾기 디버그용\mytilemap + dijkstra.cpp(334): warning C4018: '<': signed 또는 unsigned가 일치하지 않습니다.
c:\yongje\sga\sourcetree repository\sga_team2\이용제 - 길찾기 디버그용\mytilemap + dijkstra.cpp(361): warning C4018: '<': signed 또는 unsigned가 일치하지 않습니다.
c:\yongje\sga\sourcetree repository\sga_team2\이용제 - 길찾기 디버그용\mytilemap + dijkstra.cpp(391): warning C4018: '<': signed 또는 unsigned가 일치하지 않습니다.
  myTileMap + aStar.cpp
c:\yongje\sga\sourcetree repository\sga_team2\이용제 - 길찾기 디버그용\mytilemap + astar.cpp(15): warning C4244: 'return': 'float'에서 'int'(으)로 변환하면서 데이터가 손실될 수 있습니다.
c:\yongje\sga\sourcetree repository\sga_team2\이용제 - 길찾기 디버그용\mytilemap + astar.cpp(143): warning C4244: '인수': 'LONG'에서 'float'(으)로 변환하면서 데이터가 손실될 수 있습니다.
c:\yongje\sga\sourcetree repository\sga_team2\이용제 - 길찾기 디버그용\mytilemap + astar.cpp(143): warning C4244: '=': 'float'에서 'int'(으)로 변환하면서 데이터가 손실될 수 있습니다.
c:\yongje\sga\sourcetree repository\sga_team2\이용제 - 길찾기 디버그용\mytilemap + astar.cpp(156): warning C4244: '인수': 'LONG'에서 'float'(으)로 변환하면서 데이터가 손실될 수 있습니다.
c:\yongje\sga\sourcetree repository\sga_team2\이용제 - 길찾기 디버그용\mytilemap + astar.cpp(156): warning C4244: '초기화 중': 'float'에서 'int'(으)로 변환하면서 데이터가 손실될 수 있습니다.
c:\yongje\sga\sourcetree repository\sga_team2\이용제 - 길찾기 디버그용\mytilemap + astar.cpp(169): warning C4018: '<': signed 또는 unsigned가 일치하지 않습니다.
c:\yongje\sga\sourcetree repository\sga_team2\이용제 - 길찾기 디버그용\mytilemap + astar.cpp(186): warning C4018: '<': signed 또는 unsigned가 일치하지 않습니다.
c:\yongje\sga\sourcetree repository\sga_team2\이용제 - 길찾기 디버그용\mytilemap + astar.cpp(337): warning C4244: '인수': 'LONG'에서 'float'(으)로 변환하면서 데이터가 손실될 수 있습니다.
c:\yongje\sga\sourcetree repository\sga_team2\이용제 - 길찾기 디버그용\mytilemap + astar.cpp(337): warning C4244: '=': 'float'에서 'int'(으)로 변환하면서 데이터가 손실될 수 있습니다.
c:\yongje\sga\sourcetree repository\sga_team2\이용제 - 길찾기 디버그용\mytilemap + astar.cpp(350): warning C4244: '인수': 'LONG'에서 'float'(으)로 변환하면서 데이터가 손실될 수 있습니다.
c:\yongje\sga\sourcetree repository\sga_team2\이용제 - 길찾기 디버그용\mytilemap + astar.cpp(350): warning C4244: '초기화 중': 'float'에서 'int'(으)로 변환하면서 데이터가 손실될 수 있습니다.
c:\yongje\sga\sourcetree repository\sga_team2\이용제 - 길찾기 디버그용\mytilemap + astar.cpp(367): warning C4018: '<': signed 또는 unsigned가 일치하지 않습니다.
  myTank.cpp
c:\yongje\sga\sourcetree repository\sga_team2\이용제 - 길찾기 디버그용\mytank.cpp(14): warning C4244: '=': 'LONG'에서 'float'(으)로 변환하면서 데이터가 손실될 수 있습니다.
c:\yongje\sga\sourcetree repository\sga_team2\이용제 - 길찾기 디버그용\mytank.cpp(15): warning C4244: '=': 'LONG'에서 'float'(으)로 변환하면서 데이터가 손실될 수 있습니다.
c:\yongje\sga\sourcetree repository\sga_team2\이용제 - 길찾기 디버그용\mytank.cpp(143): warning C4244: '=': 'LONG'에서 'float'(으)로 변환하면서 데이터가 손실될 수 있습니다.
c:\yongje\sga\sourcetree repository\sga_team2\이용제 - 길찾기 디버그용\mytank.cpp(144): warning C4244: '=': 'LONG'에서 'float'(으)로 변환하면서 데이터가 손실될 수 있습니다.
c:\yongje\sga\sourcetree repository\sga_team2\이용제 - 길찾기 디버그용\mytank.cpp(149): warning C4244: '=': 'LONG'에서 'float'(으)로 변환하면서 데이터가 손실될 수 있습니다.
c:\yongje\sga\sourcetree repository\sga_team2\이용제 - 길찾기 디버그용\mytank.cpp(150): warning C4244: '=': 'LONG'에서 'float'(으)로 변환하면서 데이터가 손실될 수 있습니다.
  keyManager.cpp
  keyAniManager.cpp
  iniDataManager.cpp
c:\yongje\sga\sourcetree repository\sga_team2\이용제 - 길찾기 디버그용\inidatamanager.cpp(51): warning C4018: '<': signed 또는 unsigned가 일치하지 않습니다.
c:\yongje\sga\sourcetree repository\sga_team2\이용제 - 길찾기 디버그용\inidatamanager.cpp(46): warning C4996: 'sprintf': This function or variable may be unsafe. Consider using sprintf_s instead. To disable deprecation, use _CRT_SECURE_NO_WARNINGS. See online help for details.
  c:\program files (x86)\windows kits\10\include\10.0.10240.0\ucrt\stdio.h(1769): note: 'sprintf' 선언을 참조하십시오.
c:\yongje\sga\sourcetree repository\sga_team2\이용제 - 길찾기 디버그용\inidatamanager.cpp(69): warning C4996: 'sprintf': This function or variable may be unsafe. Consider using sprintf_s instead. To disable deprecation, use _CRT_SECURE_NO_WARNINGS. See online help for details.
  c:\program files (x86)\windows kits\10\include\10.0.10240.0\ucrt\stdio.h(1769): note: 'sprintf' 선언을 참조하십시오.
c:\yongje\sga\sourcetree repository\sga_team2\이용제 - 길찾기 디버그용\inidatamanager.cpp(87): warning C4996: 'sprintf': This function or variable may be unsafe. Consider using sprintf_s instead. To disable deprecation, use _CRT_SECURE_NO_WARNINGS. See online help for details.
  c:\program files (x86)\windows kits\10\include\10.0.10240.0\ucrt\stdio.h(1769): note: 'sprintf' 선언을 참조하십시오.
  imageManager.cpp
  image.cpp
c:\yongje\sga\sourcetree repository\sga_team2\이용제 - 길찾기 디버그용\image.cpp(351): warning C4244: '인수': 'float'에서 'int'(으)로 변환하면서 데이터가 손실될 수 있습니다.
c:\yongje\sga\sourcetree repository\sga_team2\이용제 - 길찾기 디버그용\image.cpp(357): warning C4244: '인수': 'float'에서 'int'(으)로 변환하면서 데이터가 손실될 수 있습니다.
  코드를 생성하고 있습니다...
c:\yongje\sga\sourcetree repository\sga_team2\이용제 - 길찾기 디버그용\inidatamanager.cpp(77): warning C4172: 지역 변수 또는 임시: data의 주소를 반환하고 있습니다.
c:\yongje\sga\sourcetree repository\sga_team2\이용제 - 길찾기 디버그용\txtdata.cpp(59): warning C4172: 지역 변수 또는 임시: str의 주소를 반환하고 있습니다.
  컴파일하고 있습니다...
  gameNode.cpp
c:\yongje\sga\sourcetree repository\sga_team2\이용제 - 길찾기 디버그용\gamenode.cpp(85): warning C4244: '=': 'float'에서 'LONG'(으)로 변환하면서 데이터가 손실될 수 있습니다.
c:\yongje\sga\sourcetree repository\sga_team2\이용제 - 길찾기 디버그용\gamenode.cpp(86): warning C4244: '=': 'float'에서 'LONG'(으)로 변환하면서 데이터가 손실될 수 있습니다.
c:\yongje\sga\sourcetree repository\sga_team2\이용제 - 길찾기 디버그용\gamenode.cpp(80): warning C4101: 'hdc' :참조되지 않은 지역 변수입니다.
c:\yongje\sga\sourcetree repository\sga_team2\이용제 - 길찾기 디버그용\gamenode.cpp(79): warning C4101: 'ps' :참조되지 않은 지역 변수입니다.
  effectManager.cpp
  effect.cpp
  database.cpp
c:\yongje\sga\sourcetree repository\sga_team2\이용제 - 길찾기 디버그용\database.cpp(38): warning C4018: '<': signed 또는 unsigned가 일치하지 않습니다.
c:\yongje\sga\sourcetree repository\sga_team2\이용제 - 길찾기 디버그용\database.cpp(68): warning C4244: '=': 'float'에서 'int'(으)로 변환하면서 데이터가 손실될 수 있습니다.
c:\yongje\sga\sourcetree repository\sga_team2\이용제 - 길찾기 디버그용\database.cpp(75): warning C4244: '=': 'float'에서 'int'(으)로 변환하면서 데이터가 손실될 수 있습니다.
  collision.cpp
c:\yongje\sga\sourcetree repository\sga_team2\이용제 - 길찾기 디버그용\collision.cpp(168): warning C4244: '=': 'float'에서 'LONG'(으)로 변환하면서 데이터가 손실될 수 있습니다.
c:\yongje\sga\sourcetree repository\sga_team2\이용제 - 길찾기 디버그용\collision.cpp(169): warning C4244: '=': 'float'에서 'LONG'(으)로 변환하면서 데이터가 손실될 수 있습니다.
c:\yongje\sga\sourcetree repository\sga_team2\이용제 - 길찾기 디버그용\collision.cpp(170): warning C4244: '=': 'float'에서 'LONG'(으)로 변환하면서 데이터가 손실될 수 있습니다.
c:\yongje\sga\sourcetree repository\sga_team2\이용제 - 길찾기 디버그용\collision.cpp(171): warning C4244: '=': 'float'에서 'LONG'(으)로 변환하면서 데이터가 손실될 수 있습니다.
  button.cpp
c:\yongje\sga\sourcetree repository\sga_team2\이용제 - 길찾기 디버그용\button.cpp(23): warning C4244: '=': 'int'에서 'float'(으)로 변환하면서 데이터가 손실될 수 있습니다.
c:\yongje\sga\sourcetree repository\sga_team2\이용제 - 길찾기 디버그용\button.cpp(24): warning C4244: '=': 'int'에서 'float'(으)로 변환하면서 데이터가 손실될 수 있습니다.
  bullets.cpp
c:\yongje\sga\sourcetree repository\sga_team2\이용제 - 길찾기 디버그용\bullets.cpp(11): warning C4244: '=': 'int'에서 'float'(으)로 변환하면서 데이터가 손실될 수 있습니다.
c:\yongje\sga\sourcetree repository\sga_team2\이용제 - 길찾기 디버그용\bullets.cpp(34): warning C4018: '<': signed 또는 unsigned가 일치하지 않습니다.
c:\yongje\sga\sourcetree repository\sga_team2\이용제 - 길찾기 디버그용\bullets.cpp(41): warning C4244: '=': 'int'에서 'float'(으)로 변환하면서 데이터가 손실될 수 있습니다.
c:\yongje\sga\sourcetree repository\sga_team2\이용제 - 길찾기 디버그용\bullets.cpp(44): warning C4244: '인수': 'float'에서 'int'(으)로 변환하면서 데이터가 손실될 수 있습니다.
c:\yongje\sga\sourcetree repository\sga_team2\이용제 - 길찾기 디버그용\bullets.cpp(61): warning C4244: '인수': 'float'에서 'int'(으)로 변환하면서 데이터가 손실될 수 있습니다.
c:\yongje\sga\sourcetree repository\sga_team2\이용제 - 길찾기 디버그용\bullets.cpp(126): warning C4018: '<': signed 또는 unsigned가 일치하지 않습니다.
c:\yongje\sga\sourcetree repository\sga_team2\이용제 - 길찾기 디버그용\bullets.cpp(132): warning C4244: '=': 'int'에서 'float'(으)로 변환하면서 데이터가 손실될 수 있습니다.
c:\yongje\sga\sourcetree repository\sga_team2\이용제 - 길찾기 디버그용\bullets.cpp(138): warning C4244: '인수': 'float'에서 'int'(으)로 변환하면서 데이터가 손실될 수 있습니다.
c:\yongje\sga\sourcetree repository\sga_team2\이용제 - 길찾기 디버그용\bullets.cpp(154): warning C4244: '인수': 'float'에서 'int'(으)로 변환하면서 데이터가 손실될 수 있습니다.
c:\yongje\sga\sourcetree repository\sga_team2\이용제 - 길찾기 디버그용\bullets.cpp(231): warning C4244: '인수': 'float'에서 'int'(으)로 변환하면서 데이터가 손실될 수 있습니다.
c:\yongje\sga\sourcetree repository\sga_team2\이용제 - 길찾기 디버그용\bullets.cpp(246): warning C4244: '인수': 'float'에서 'int'(으)로 변환하면서 데이터가 손실될 수 있습니다.
c:\yongje\sga\sourcetree repository\sga_team2\이용제 - 길찾기 디버그용\bullets.cpp(309): warning C4018: '<': signed 또는 unsigned가 일치하지 않습니다.
c:\yongje\sga\sourcetree repository\sga_team2\이용제 - 길찾기 디버그용\bullets.cpp(320): warning C4244: '인수': 'float'에서 'int'(으)로 변환하면서 데이터가 손실될 수 있습니다.
c:\yongje\sga\sourcetree repository\sga_team2\이용제 - 길찾기 디버그용\bullets.cpp(334): warning C4244: '인수': 'float'에서 'int'(으)로 변환하면서 데이터가 손실될 수 있습니다.
  animation.cpp
  action.cpp
  코드를 생성하고 있습니다...
  20170703_0.vcxproj -> C:\Yongje\SGA\SourceTree Repository\SGA_team2\이용제 - 길찾기 디버그용\Debug\20170703_0.exe
  20170703_0.vcxproj -> C:\Yongje\SGA\SourceTree Repository\SGA_team2\이용제 - 길찾기 디버그용\Debug\20170703_0.pdb (Full PDB)
